<?xml version="1.0" encoding="UTF-8"?>
<testsuite name="Cucumber" time="0.12" tests="1" skipped="0" failures="0" errors="0">
<testcase classname="Feature to test login functionality" name="Check login is successful with valid credentials" time="0.006">
<system-out><![CDATA[
Given user is on login page.................................................passed
When user enters username and password......................................passed
And clicks on login button..................................................passed
Then user is navigated to the home page.....................................passed
]]></system-out>
</testcase>
</testsuite>
